<?xml version="1.0" encoding="UTF-8"?>
<!-- Generated by org.testng.reporters.JUnitReportReporter -->
<testsuite hostname="ARVIND" failures="0" tests="2" name="com.testngrun.TestNg_Run" time="7.826" errors="0" timestamp="2022-07-15T09:56:53 IST" skipped="0">
  <testcase classname="com.testngrun.TestNg_Run" name="logIn" time="1.618"/>
  <system-out/>
  <testcase classname="com.testngrun.TestNg_Run" name="browserLaunch" time="6.208"/>
  <system-out/>
</testsuite> <!-- com.testngrun.TestNg_Run -->
