<?xml version="1.0" encoding="UTF-8"?>
<!-- Generated by org.testng.reporters.JUnitReportReporter -->
<testsuite hostname="ARVIND" failures="0" tests="1" name="com.testng.Test_Ng" time="0.006" errors="0" timestamp="2022-06-27T13:07:16 IST" skipped="0">
  <testcase classname="com.testng.Test_Ng" name="url" time="0.006"/>
  <system-out/>
</testsuite> <!-- com.testng.Test_Ng -->
