<?xml version="1.0" encoding="UTF-8"?>
<!-- Generated by org.testng.reporters.JUnitReportReporter -->
<testsuite hostname="ARVIND" failures="0" tests="3" name="com.testng.Data_Provider" time="87.711" errors="0" timestamp="2022-07-04T11:06:20 IST" skipped="0">
  <testcase classname="com.testng.Data_Provider" name="automationLogin" time="48.211"/>
  <system-out/>
  <testcase classname="com.testng.Data_Provider" name="automationLogin" time="19.047"/>
  <system-out/>
  <testcase classname="com.testng.Data_Provider" name="automationLogin" time="20.453"/>
  <system-out/>
</testsuite> <!-- com.testng.Data_Provider -->
