<?xml version="1.0" encoding="UTF-8"?>
<!-- Generated by org.testng.reporters.JUnitReportReporter -->
<testsuite hostname="ARVIND" failures="0" tests="2" name="com.testng.CrossBrowser" time="52.552" errors="0" timestamp="2022-07-04T12:04:18 IST" skipped="0">
  <testcase classname="com.testng.CrossBrowser" name="adactinChrome" time="25.339"/>
  <system-out/>
  <testcase classname="com.testng.CrossBrowser" name="adactinEdge" time="27.213"/>
  <system-out/>
</testsuite> <!-- com.testng.CrossBrowser -->
