<?xml version="1.0" encoding="UTF-8"?>
<!-- Generated by org.testng.reporters.JUnitReportReporter -->
<testsuite hostname="ARVIND" failures="0" tests="2" name="com.testng.Parallel" time="8.908" errors="0" timestamp="2022-06-29T21:47:50 IST" skipped="0">
  <testcase classname="com.testng.Parallel" name="filpkartUrl" time="4.478"/>
  <system-out/>
  <testcase classname="com.testng.Parallel" name="amazonUrl" time="4.430"/>
  <system-out/>
</testsuite> <!-- com.testng.Parallel -->
