<?xml version="1.0" encoding="UTF-8"?>
<!-- Generated by org.testng.reporters.JUnitReportReporter -->
<testsuite hostname="ARVIND" failures="0" tests="5" name="com.testng.Simple_Annotation" time="10.071" errors="0" timestamp="2022-07-01T11:42:11 IST" skipped="0">
  <testcase classname="com.testng.Simple_Annotation" name="searchBox" time="0.258"/>
  <system-out/>
  <testcase classname="com.testng.Simple_Annotation" name="customerService" time="3.370"/>
  <system-out/>
  <testcase classname="com.testng.Simple_Annotation" name="regIstry" time="1.456"/>
  <system-out/>
  <testcase classname="com.testng.Simple_Annotation" name="regIstry" time="3.306"/>
  <system-out/>
  <testcase classname="com.testng.Simple_Annotation" name="regIstry" time="1.681"/>
  <system-out/>
</testsuite> <!-- com.testng.Simple_Annotation -->
