<?xml version="1.0" encoding="UTF-8"?>
<!-- Generated by org.testng.reporters.JUnitReportReporter -->
<testsuite hostname="ARVIND" failures="0" tests="1" name="com.testng.ExpectedExpection" time="0.012" errors="0" timestamp="2022-07-01T12:39:46 IST" skipped="0">
  <testcase classname="com.testng.ExpectedExpection" name="arithematicExpection" time="0.012"/>
  <system-out/>
</testsuite> <!-- com.testng.ExpectedExpection -->
