<?xml version="1.0" encoding="UTF-8"?>
<!-- Generated by org.testng.reporters.JUnitReportReporter -->
<testsuite hostname="ARVIND" failures="0" tests="1" name="com.testng.Parameter_Annotation" time="8.294" errors="0" timestamp="2022-07-04T10:44:07 IST" skipped="0">
  <testcase classname="com.testng.Parameter_Annotation" name="loginDetails" time="8.294"/>
  <system-out/>
</testsuite> <!-- com.testng.Parameter_Annotation -->
