<?xml version="1.0" encoding="UTF-8"?>
<!-- Generated by org.testng.reporters.JUnitReportReporter -->
<testsuite hostname="ARVIND" failures="0" tests="4" name="com.testng.Grouping" time="0.013" errors="0" timestamp="2022-07-01T11:51:07 IST" skipped="0">
  <testcase classname="com.testng.Grouping" name="frenchFries" time="0.001"/>
  <system-out/>
  <testcase classname="com.testng.Grouping" name="chickenBurger" time="0.010"/>
  <system-out/>
  <testcase classname="com.testng.Grouping" name="smileyFries" time="0.001"/>
  <system-out/>
  <testcase classname="com.testng.Grouping" name="chickenPizza" time="0.001"/>
  <system-out/>
</testsuite> <!-- com.testng.Grouping -->
