<?xml version="1.0" encoding="UTF-8"?>
<!-- Generated by org.testng.reporters.JUnitReportReporter -->
<testsuite hostname="ARVIND" failures="0" tests="4" name="com.testng.DependenceOn" time="0.016" errors="0" timestamp="2022-07-01T12:27:50 IST" skipped="0">
  <testcase classname="com.testng.DependenceOn" name="cracKers" time="0.001"/>
  <system-out/>
  <testcase classname="com.testng.DependenceOn" name="Pongal" time="0.001"/>
  <system-out/>
  <testcase classname="com.testng.DependenceOn" name="diwaliFestival" time="0.013"/>
  <system-out/>
  <testcase classname="com.testng.DependenceOn" name="gulabJamun" time="0.001"/>
  <system-out/>
</testsuite> <!-- com.testng.DependenceOn -->
